[2023-10-13T04:04:49.090572+00:00] f1c26983-f3ce-4d21-9c04-4b3c60e98744.ERROR: Not found. {"exception":"[object] (Slim\\Exception\\HttpNotFoundException(code: 404): Not found. at /var/www/html/vendor/slim/slim/Slim/Middleware/RoutingMiddleware.php:76)
[stacktrace]
#0 /var/www/html/vendor/slim/slim/Slim/Middleware/RoutingMiddleware.php(44): Slim\\Middleware\\RoutingMiddleware->performRouting(Object(Nyholm\\Psr7\\ServerRequest))
#1 /var/www/html/vendor/slim/slim/Slim/MiddlewareDispatcher.php(121): Slim\\Middleware\\RoutingMiddleware->process(Object(Nyholm\\Psr7\\ServerRequest), Object(Psr\\Http\\Server\\RequestHandlerInterface@anonymous))
#2 /var/www/html/vendor/selective/basepath/src/BasePathMiddleware.php(52): Psr\\Http\\Server\\RequestHandlerInterface@anonymous->handle(Object(Nyholm\\Psr7\\ServerRequest))
#3 /var/www/html/vendor/slim/slim/Slim/MiddlewareDispatcher.php(168): Selective\\BasePath\\BasePathMiddleware->process(Object(Nyholm\\Psr7\\ServerRequest), Object(Psr\\Http\\Server\\RequestHandlerInterface@anonymous))
#4 /var/www/html/vendor/slim/slim/Slim/Middleware/ErrorMiddleware.php(76): Psr\\Http\\Server\\RequestHandlerInterface@anonymous->handle(Object(Nyholm\\Psr7\\ServerRequest))
#5 /var/www/html/vendor/slim/slim/Slim/MiddlewareDispatcher.php(168): Slim\\Middleware\\ErrorMiddleware->process(Object(Nyholm\\Psr7\\ServerRequest), Object(Psr\\Http\\Server\\RequestHandlerInterface@anonymous))
#6 /var/www/html/vendor/slim/slim/Slim/MiddlewareDispatcher.php(65): Psr\\Http\\Server\\RequestHandlerInterface@anonymous->handle(Object(Nyholm\\Psr7\\ServerRequest))
#7 /var/www/html/vendor/slim/slim/Slim/App.php(199): Slim\\MiddlewareDispatcher->handle(Object(Nyholm\\Psr7\\ServerRequest))
#8 /var/www/html/vendor/slim/slim/Slim/App.php(183): Slim\\App->handle(Object(Nyholm\\Psr7\\ServerRequest))
#9 /var/www/html/src/Http/Http.php(28): Slim\\App->run(Object(Nyholm\\Psr7\\ServerRequest))
#10 /var/www/html/public/index.php(16): Takemo101\\Chubby\\Http\\Http->run()
#11 {main}
","method":"GET","url":"http://localhost/api/a"} {"uid":"4c1e40d"}
[2023-10-13T06:17:53.503431+00:00] b7df29a0-a69f-4402-92b9-c34dee277696.ERROR: Not found. {"exception":"[object] (Slim\\Exception\\HttpNotFoundException(code: 404): Not found. at /var/www/html/vendor/slim/slim/Slim/Middleware/RoutingMiddleware.php:76)
[stacktrace]
#0 /var/www/html/vendor/slim/slim/Slim/Middleware/RoutingMiddleware.php(44): Slim\\Middleware\\RoutingMiddleware->performRouting(Object(Nyholm\\Psr7\\ServerRequest))
#1 /var/www/html/vendor/slim/slim/Slim/MiddlewareDispatcher.php(121): Slim\\Middleware\\RoutingMiddleware->process(Object(Nyholm\\Psr7\\ServerRequest), Object(Psr\\Http\\Server\\RequestHandlerInterface@anonymous))
#2 /var/www/html/vendor/selective/basepath/src/BasePathMiddleware.php(52): Psr\\Http\\Server\\RequestHandlerInterface@anonymous->handle(Object(Nyholm\\Psr7\\ServerRequest))
#3 /var/www/html/vendor/slim/slim/Slim/MiddlewareDispatcher.php(168): Selective\\BasePath\\BasePathMiddleware->process(Object(Nyholm\\Psr7\\ServerRequest), Object(Psr\\Http\\Server\\RequestHandlerInterface@anonymous))
#4 /var/www/html/vendor/slim/slim/Slim/Middleware/ErrorMiddleware.php(76): Psr\\Http\\Server\\RequestHandlerInterface@anonymous->handle(Object(Nyholm\\Psr7\\ServerRequest))
#5 /var/www/html/vendor/slim/slim/Slim/MiddlewareDispatcher.php(168): Slim\\Middleware\\ErrorMiddleware->process(Object(Nyholm\\Psr7\\ServerRequest), Object(Psr\\Http\\Server\\RequestHandlerInterface@anonymous))
#6 /var/www/html/vendor/slim/slim/Slim/MiddlewareDispatcher.php(65): Psr\\Http\\Server\\RequestHandlerInterface@anonymous->handle(Object(Nyholm\\Psr7\\ServerRequest))
#7 /var/www/html/vendor/slim/slim/Slim/App.php(199): Slim\\MiddlewareDispatcher->handle(Object(Nyholm\\Psr7\\ServerRequest))
#8 /var/www/html/vendor/slim/slim/Slim/App.php(183): Slim\\App->handle(Object(Nyholm\\Psr7\\ServerRequest))
#9 /var/www/html/src/Http/Http.php(28): Slim\\App->run(Object(Nyholm\\Psr7\\ServerRequest))
#10 /var/www/html/public/index.php(16): Takemo101\\Chubby\\Http\\Http->run()
#11 {main}
","method":"GET","url":"http://localhost/api/users"} {"uid":"2cde575"}
[2023-10-13T16:25:29.942446+09:00] f9f5c0fa-4790-463a-8213-9c417ecc6de4.ERROR: Not found. {"exception":"[object] (Slim\\Exception\\HttpNotFoundException(code: 404): Not found. at /var/www/html/vendor/slim/slim/Slim/Middleware/RoutingMiddleware.php:76)
[stacktrace]
#0 /var/www/html/vendor/slim/slim/Slim/Middleware/RoutingMiddleware.php(44): Slim\\Middleware\\RoutingMiddleware->performRouting(Object(Nyholm\\Psr7\\ServerRequest))
#1 /var/www/html/vendor/slim/slim/Slim/MiddlewareDispatcher.php(121): Slim\\Middleware\\RoutingMiddleware->process(Object(Nyholm\\Psr7\\ServerRequest), Object(Psr\\Http\\Server\\RequestHandlerInterface@anonymous))
#2 /var/www/html/vendor/selective/basepath/src/BasePathMiddleware.php(52): Psr\\Http\\Server\\RequestHandlerInterface@anonymous->handle(Object(Nyholm\\Psr7\\ServerRequest))
#3 /var/www/html/vendor/slim/slim/Slim/MiddlewareDispatcher.php(168): Selective\\BasePath\\BasePathMiddleware->process(Object(Nyholm\\Psr7\\ServerRequest), Object(Psr\\Http\\Server\\RequestHandlerInterface@anonymous))
#4 /var/www/html/vendor/slim/slim/Slim/Middleware/ErrorMiddleware.php(76): Psr\\Http\\Server\\RequestHandlerInterface@anonymous->handle(Object(Nyholm\\Psr7\\ServerRequest))
#5 /var/www/html/vendor/slim/slim/Slim/MiddlewareDispatcher.php(168): Slim\\Middleware\\ErrorMiddleware->process(Object(Nyholm\\Psr7\\ServerRequest), Object(Psr\\Http\\Server\\RequestHandlerInterface@anonymous))
#6 /var/www/html/vendor/slim/slim/Slim/MiddlewareDispatcher.php(65): Psr\\Http\\Server\\RequestHandlerInterface@anonymous->handle(Object(Nyholm\\Psr7\\ServerRequest))
#7 /var/www/html/vendor/slim/slim/Slim/App.php(199): Slim\\MiddlewareDispatcher->handle(Object(Nyholm\\Psr7\\ServerRequest))
#8 /var/www/html/vendor/slim/slim/Slim/App.php(183): Slim\\App->handle(Object(Nyholm\\Psr7\\ServerRequest))
#9 /var/www/html/src/Http/Http.php(28): Slim\\App->run(Object(Nyholm\\Psr7\\ServerRequest))
#10 /var/www/html/public/index.php(16): Takemo101\\Chubby\\Http\\Http->run()
#11 {main}
","method":"GET","url":"http://localhost/s/s"} {"uid":"e66ea99"}
[2023-10-13T17:33:20.228714+09:00] c148f59c-233e-40b0-8fef-6f43856ba529.ERROR: DI\Bridge\Slim\ControllerInvoker::__invoke(): Return value must be of type Psr\Http\Message\ResponseInterface, Takemo101\Chubby\Http\Renderer\JsonRenderer returned {"exception":"[object] (TypeError(code: 0): DI\\Bridge\\Slim\\ControllerInvoker::__invoke(): Return value must be of type Psr\\Http\\Message\\ResponseInterface, Takemo101\\Chubby\\Http\\Renderer\\JsonRenderer returned at /var/www/html/vendor/php-di/slim-bridge/src/ControllerInvoker.php:47)
[stacktrace]
#0 /var/www/html/src/Http/Bridge/ControllerInvoker.php(50): DI\\Bridge\\Slim\\ControllerInvoker->__invoke(Object(Closure), Object(Nyholm\\Psr7\\ServerRequest), Object(Nyholm\\Psr7\\Response), Array)
#1 /var/www/html/vendor/slim/slim/Slim/Routing/Route.php(358): Takemo101\\Chubby\\Http\\Bridge\\ControllerInvoker->__invoke(Object(Closure), Object(Nyholm\\Psr7\\ServerRequest), Object(Nyholm\\Psr7\\Response), Array)
#2 /var/www/html/vendor/slim/slim/Slim/MiddlewareDispatcher.php(65): Slim\\Routing\\Route->handle(Object(Nyholm\\Psr7\\ServerRequest))
#3 /var/www/html/vendor/slim/slim/Slim/MiddlewareDispatcher.php(65): Slim\\MiddlewareDispatcher->handle(Object(Nyholm\\Psr7\\ServerRequest))
#4 /var/www/html/vendor/slim/slim/Slim/Routing/Route.php(315): Slim\\MiddlewareDispatcher->handle(Object(Nyholm\\Psr7\\ServerRequest))
#5 /var/www/html/vendor/slim/slim/Slim/Routing/RouteRunner.php(68): Slim\\Routing\\Route->run(Object(Nyholm\\Psr7\\ServerRequest))
#6 /var/www/html/vendor/slim/slim/Slim/Middleware/BodyParsingMiddleware.php(64): Slim\\Routing\\RouteRunner->handle(Object(Nyholm\\Psr7\\ServerRequest))
#7 /var/www/html/vendor/slim/slim/Slim/MiddlewareDispatcher.php(121): Slim\\Middleware\\BodyParsingMiddleware->process(Object(Nyholm\\Psr7\\ServerRequest), Object(Slim\\Routing\\RouteRunner))
#8 /var/www/html/vendor/slim/slim/Slim/Middleware/RoutingMiddleware.php(45): Psr\\Http\\Server\\RequestHandlerInterface@anonymous->handle(Object(Nyholm\\Psr7\\ServerRequest))
#9 /var/www/html/vendor/slim/slim/Slim/MiddlewareDispatcher.php(121): Slim\\Middleware\\RoutingMiddleware->process(Object(Nyholm\\Psr7\\ServerRequest), Object(Psr\\Http\\Server\\RequestHandlerInterface@anonymous))
#10 /var/www/html/vendor/selective/basepath/src/BasePathMiddleware.php(52): Psr\\Http\\Server\\RequestHandlerInterface@anonymous->handle(Object(Nyholm\\Psr7\\ServerRequest))
#11 /var/www/html/vendor/slim/slim/Slim/MiddlewareDispatcher.php(168): Selective\\BasePath\\BasePathMiddleware->process(Object(Nyholm\\Psr7\\ServerRequest), Object(Psr\\Http\\Server\\RequestHandlerInterface@anonymous))
#12 /var/www/html/vendor/slim/slim/Slim/Middleware/ErrorMiddleware.php(76): Psr\\Http\\Server\\RequestHandlerInterface@anonymous->handle(Object(Nyholm\\Psr7\\ServerRequest))
#13 /var/www/html/vendor/slim/slim/Slim/MiddlewareDispatcher.php(168): Slim\\Middleware\\ErrorMiddleware->process(Object(Nyholm\\Psr7\\ServerRequest), Object(Psr\\Http\\Server\\RequestHandlerInterface@anonymous))
#14 /var/www/html/vendor/slim/slim/Slim/MiddlewareDispatcher.php(65): Psr\\Http\\Server\\RequestHandlerInterface@anonymous->handle(Object(Nyholm\\Psr7\\ServerRequest))
#15 /var/www/html/vendor/slim/slim/Slim/App.php(199): Slim\\MiddlewareDispatcher->handle(Object(Nyholm\\Psr7\\ServerRequest))
#16 /var/www/html/vendor/slim/slim/Slim/App.php(183): Slim\\App->handle(Object(Nyholm\\Psr7\\ServerRequest))
#17 /var/www/html/src/Http/Http.php(28): Slim\\App->run(Object(Nyholm\\Psr7\\ServerRequest))
#18 /var/www/html/public/index.php(16): Takemo101\\Chubby\\Http\\Http->run()
#19 {main}
","method":"GET","url":"http://localhost/"} {"uid":"265d45c"}
[2023-10-13T17:55:16.479706+09:00] ea5792c0-cff6-4fee-82a9-ecd5e2fb172c.ERROR: Class "Context" not found {"exception":"[object] (Error(code: 0): Class \"Context\" not found at /var/www/html/src/Http/Bridge/ControllerInvoker.php:49)
[stacktrace]
#0 /var/www/html/vendor/slim/slim/Slim/Routing/Route.php(358): Takemo101\\Chubby\\Http\\Bridge\\ControllerInvoker->__invoke(Object(Closure), Object(Nyholm\\Psr7\\ServerRequest), Object(Nyholm\\Psr7\\Response), Array)
#1 /var/www/html/vendor/slim/slim/Slim/MiddlewareDispatcher.php(65): Slim\\Routing\\Route->handle(Object(Nyholm\\Psr7\\ServerRequest))
#2 /var/www/html/vendor/slim/slim/Slim/MiddlewareDispatcher.php(65): Slim\\MiddlewareDispatcher->handle(Object(Nyholm\\Psr7\\ServerRequest))
#3 /var/www/html/vendor/slim/slim/Slim/Routing/Route.php(315): Slim\\MiddlewareDispatcher->handle(Object(Nyholm\\Psr7\\ServerRequest))
#4 /var/www/html/vendor/slim/slim/Slim/Routing/RouteRunner.php(68): Slim\\Routing\\Route->run(Object(Nyholm\\Psr7\\ServerRequest))
#5 /var/www/html/vendor/slim/slim/Slim/Middleware/BodyParsingMiddleware.php(64): Slim\\Routing\\RouteRunner->handle(Object(Nyholm\\Psr7\\ServerRequest))
#6 /var/www/html/vendor/slim/slim/Slim/MiddlewareDispatcher.php(121): Slim\\Middleware\\BodyParsingMiddleware->process(Object(Nyholm\\Psr7\\ServerRequest), Object(Slim\\Routing\\RouteRunner))
#7 /var/www/html/vendor/slim/slim/Slim/Middleware/RoutingMiddleware.php(45): Psr\\Http\\Server\\RequestHandlerInterface@anonymous->handle(Object(Nyholm\\Psr7\\ServerRequest))
#8 /var/www/html/vendor/slim/slim/Slim/MiddlewareDispatcher.php(121): Slim\\Middleware\\RoutingMiddleware->process(Object(Nyholm\\Psr7\\ServerRequest), Object(Psr\\Http\\Server\\RequestHandlerInterface@anonymous))
#9 /var/www/html/vendor/selective/basepath/src/BasePathMiddleware.php(52): Psr\\Http\\Server\\RequestHandlerInterface@anonymous->handle(Object(Nyholm\\Psr7\\ServerRequest))
#10 /var/www/html/vendor/slim/slim/Slim/MiddlewareDispatcher.php(168): Selective\\BasePath\\BasePathMiddleware->process(Object(Nyholm\\Psr7\\ServerRequest), Object(Psr\\Http\\Server\\RequestHandlerInterface@anonymous))
#11 /var/www/html/vendor/slim/slim/Slim/Middleware/ErrorMiddleware.php(76): Psr\\Http\\Server\\RequestHandlerInterface@anonymous->handle(Object(Nyholm\\Psr7\\ServerRequest))
#12 /var/www/html/vendor/slim/slim/Slim/MiddlewareDispatcher.php(168): Slim\\Middleware\\ErrorMiddleware->process(Object(Nyholm\\Psr7\\ServerRequest), Object(Psr\\Http\\Server\\RequestHandlerInterface@anonymous))
#13 /var/www/html/vendor/slim/slim/Slim/MiddlewareDispatcher.php(65): Psr\\Http\\Server\\RequestHandlerInterface@anonymous->handle(Object(Nyholm\\Psr7\\ServerRequest))
#14 /var/www/html/vendor/slim/slim/Slim/App.php(199): Slim\\MiddlewareDispatcher->handle(Object(Nyholm\\Psr7\\ServerRequest))
#15 /var/www/html/vendor/slim/slim/Slim/App.php(183): Slim\\App->handle(Object(Nyholm\\Psr7\\ServerRequest))
#16 /var/www/html/src/Http/Http.php(28): Slim\\App->run(Object(Nyholm\\Psr7\\ServerRequest))
#17 /var/www/html/public/index.php(16): Takemo101\\Chubby\\Http\\Http->run()
#18 {main}
","method":"GET","url":"http://localhost/"} {"uid":"b0ee103"}
[2023-10-13T17:55:17.293767+09:00] 9578c178-bef1-47bf-85ea-4b0353b5c532.ERROR: Class "Context" not found {"exception":"[object] (Error(code: 0): Class \"Context\" not found at /var/www/html/src/Http/Bridge/ControllerInvoker.php:49)
[stacktrace]
#0 /var/www/html/vendor/slim/slim/Slim/Routing/Route.php(358): Takemo101\\Chubby\\Http\\Bridge\\ControllerInvoker->__invoke(Object(Closure), Object(Nyholm\\Psr7\\ServerRequest), Object(Nyholm\\Psr7\\Response), Array)
#1 /var/www/html/vendor/slim/slim/Slim/MiddlewareDispatcher.php(65): Slim\\Routing\\Route->handle(Object(Nyholm\\Psr7\\ServerRequest))
#2 /var/www/html/vendor/slim/slim/Slim/MiddlewareDispatcher.php(65): Slim\\MiddlewareDispatcher->handle(Object(Nyholm\\Psr7\\ServerRequest))
#3 /var/www/html/vendor/slim/slim/Slim/Routing/Route.php(315): Slim\\MiddlewareDispatcher->handle(Object(Nyholm\\Psr7\\ServerRequest))
#4 /var/www/html/vendor/slim/slim/Slim/Routing/RouteRunner.php(68): Slim\\Routing\\Route->run(Object(Nyholm\\Psr7\\ServerRequest))
#5 /var/www/html/vendor/slim/slim/Slim/Middleware/BodyParsingMiddleware.php(64): Slim\\Routing\\RouteRunner->handle(Object(Nyholm\\Psr7\\ServerRequest))
#6 /var/www/html/vendor/slim/slim/Slim/MiddlewareDispatcher.php(121): Slim\\Middleware\\BodyParsingMiddleware->process(Object(Nyholm\\Psr7\\ServerRequest), Object(Slim\\Routing\\RouteRunner))
#7 /var/www/html/vendor/slim/slim/Slim/Middleware/RoutingMiddleware.php(45): Psr\\Http\\Server\\RequestHandlerInterface@anonymous->handle(Object(Nyholm\\Psr7\\ServerRequest))
#8 /var/www/html/vendor/slim/slim/Slim/MiddlewareDispatcher.php(121): Slim\\Middleware\\RoutingMiddleware->process(Object(Nyholm\\Psr7\\ServerRequest), Object(Psr\\Http\\Server\\RequestHandlerInterface@anonymous))
#9 /var/www/html/vendor/selective/basepath/src/BasePathMiddleware.php(52): Psr\\Http\\Server\\RequestHandlerInterface@anonymous->handle(Object(Nyholm\\Psr7\\ServerRequest))
#10 /var/www/html/vendor/slim/slim/Slim/MiddlewareDispatcher.php(168): Selective\\BasePath\\BasePathMiddleware->process(Object(Nyholm\\Psr7\\ServerRequest), Object(Psr\\Http\\Server\\RequestHandlerInterface@anonymous))
#11 /var/www/html/vendor/slim/slim/Slim/Middleware/ErrorMiddleware.php(76): Psr\\Http\\Server\\RequestHandlerInterface@anonymous->handle(Object(Nyholm\\Psr7\\ServerRequest))
#12 /var/www/html/vendor/slim/slim/Slim/MiddlewareDispatcher.php(168): Slim\\Middleware\\ErrorMiddleware->process(Object(Nyholm\\Psr7\\ServerRequest), Object(Psr\\Http\\Server\\RequestHandlerInterface@anonymous))
#13 /var/www/html/vendor/slim/slim/Slim/MiddlewareDispatcher.php(65): Psr\\Http\\Server\\RequestHandlerInterface@anonymous->handle(Object(Nyholm\\Psr7\\ServerRequest))
#14 /var/www/html/vendor/slim/slim/Slim/App.php(199): Slim\\MiddlewareDispatcher->handle(Object(Nyholm\\Psr7\\ServerRequest))
#15 /var/www/html/vendor/slim/slim/Slim/App.php(183): Slim\\App->handle(Object(Nyholm\\Psr7\\ServerRequest))
#16 /var/www/html/src/Http/Http.php(28): Slim\\App->run(Object(Nyholm\\Psr7\\ServerRequest))
#17 /var/www/html/public/index.php(16): Takemo101\\Chubby\\Http\\Http->run()
#18 {main}
","method":"GET","url":"http://localhost/"} {"uid":"2e8f171"}
[2023-10-13T17:55:48.813040+09:00] a97bff03-053f-438f-9b5d-c86a81335747.ERROR: DI\Bridge\Slim\ControllerInvoker::__invoke(): Return value must be of type Psr\Http\Message\ResponseInterface, Takemo101\Chubby\Http\Renderer\JsonRenderer returned {"exception":"[object] (TypeError(code: 0): DI\\Bridge\\Slim\\ControllerInvoker::__invoke(): Return value must be of type Psr\\Http\\Message\\ResponseInterface, Takemo101\\Chubby\\Http\\Renderer\\JsonRenderer returned at /var/www/html/vendor/php-di/slim-bridge/src/ControllerInvoker.php:47)
[stacktrace]
#0 /var/www/html/src/Http/Bridge/ControllerInvoker.php(52): DI\\Bridge\\Slim\\ControllerInvoker->__invoke(Object(Closure), Object(Nyholm\\Psr7\\ServerRequest), Object(Nyholm\\Psr7\\Response), Array)
#1 /var/www/html/vendor/slim/slim/Slim/Routing/Route.php(358): Takemo101\\Chubby\\Http\\Bridge\\ControllerInvoker->__invoke(Object(Closure), Object(Nyholm\\Psr7\\ServerRequest), Object(Nyholm\\Psr7\\Response), Array)
#2 /var/www/html/vendor/slim/slim/Slim/MiddlewareDispatcher.php(65): Slim\\Routing\\Route->handle(Object(Nyholm\\Psr7\\ServerRequest))
#3 /var/www/html/vendor/slim/slim/Slim/MiddlewareDispatcher.php(65): Slim\\MiddlewareDispatcher->handle(Object(Nyholm\\Psr7\\ServerRequest))
#4 /var/www/html/vendor/slim/slim/Slim/Routing/Route.php(315): Slim\\MiddlewareDispatcher->handle(Object(Nyholm\\Psr7\\ServerRequest))
#5 /var/www/html/vendor/slim/slim/Slim/Routing/RouteRunner.php(68): Slim\\Routing\\Route->run(Object(Nyholm\\Psr7\\ServerRequest))
#6 /var/www/html/vendor/slim/slim/Slim/Middleware/BodyParsingMiddleware.php(64): Slim\\Routing\\RouteRunner->handle(Object(Nyholm\\Psr7\\ServerRequest))
#7 /var/www/html/vendor/slim/slim/Slim/MiddlewareDispatcher.php(121): Slim\\Middleware\\BodyParsingMiddleware->process(Object(Nyholm\\Psr7\\ServerRequest), Object(Slim\\Routing\\RouteRunner))
#8 /var/www/html/vendor/slim/slim/Slim/Middleware/RoutingMiddleware.php(45): Psr\\Http\\Server\\RequestHandlerInterface@anonymous->handle(Object(Nyholm\\Psr7\\ServerRequest))
#9 /var/www/html/vendor/slim/slim/Slim/MiddlewareDispatcher.php(121): Slim\\Middleware\\RoutingMiddleware->process(Object(Nyholm\\Psr7\\ServerRequest), Object(Psr\\Http\\Server\\RequestHandlerInterface@anonymous))
#10 /var/www/html/vendor/selective/basepath/src/BasePathMiddleware.php(52): Psr\\Http\\Server\\RequestHandlerInterface@anonymous->handle(Object(Nyholm\\Psr7\\ServerRequest))
#11 /var/www/html/vendor/slim/slim/Slim/MiddlewareDispatcher.php(168): Selective\\BasePath\\BasePathMiddleware->process(Object(Nyholm\\Psr7\\ServerRequest), Object(Psr\\Http\\Server\\RequestHandlerInterface@anonymous))
#12 /var/www/html/vendor/slim/slim/Slim/Middleware/ErrorMiddleware.php(76): Psr\\Http\\Server\\RequestHandlerInterface@anonymous->handle(Object(Nyholm\\Psr7\\ServerRequest))
#13 /var/www/html/vendor/slim/slim/Slim/MiddlewareDispatcher.php(168): Slim\\Middleware\\ErrorMiddleware->process(Object(Nyholm\\Psr7\\ServerRequest), Object(Psr\\Http\\Server\\RequestHandlerInterface@anonymous))
#14 /var/www/html/vendor/slim/slim/Slim/MiddlewareDispatcher.php(65): Psr\\Http\\Server\\RequestHandlerInterface@anonymous->handle(Object(Nyholm\\Psr7\\ServerRequest))
#15 /var/www/html/vendor/slim/slim/Slim/App.php(199): Slim\\MiddlewareDispatcher->handle(Object(Nyholm\\Psr7\\ServerRequest))
#16 /var/www/html/vendor/slim/slim/Slim/App.php(183): Slim\\App->handle(Object(Nyholm\\Psr7\\ServerRequest))
#17 /var/www/html/src/Http/Http.php(28): Slim\\App->run(Object(Nyholm\\Psr7\\ServerRequest))
#18 /var/www/html/public/index.php(16): Takemo101\\Chubby\\Http\\Http->run()
#19 {main}
","method":"GET","url":"http://localhost/"} {"uid":"295286b"}
[2023-10-13T17:57:12.713718+09:00] a18eeddf-f216-4f51-a61c-3467ba65adbf.ERROR: Not found. {"exception":"[object] (Slim\\Exception\\HttpNotFoundException(code: 404): Not found. at /var/www/html/vendor/slim/slim/Slim/Middleware/RoutingMiddleware.php:76)
[stacktrace]
#0 /var/www/html/vendor/slim/slim/Slim/Middleware/RoutingMiddleware.php(44): Slim\\Middleware\\RoutingMiddleware->performRouting(Object(Nyholm\\Psr7\\ServerRequest))
#1 /var/www/html/vendor/slim/slim/Slim/MiddlewareDispatcher.php(121): Slim\\Middleware\\RoutingMiddleware->process(Object(Nyholm\\Psr7\\ServerRequest), Object(Psr\\Http\\Server\\RequestHandlerInterface@anonymous))
#2 /var/www/html/vendor/selective/basepath/src/BasePathMiddleware.php(52): Psr\\Http\\Server\\RequestHandlerInterface@anonymous->handle(Object(Nyholm\\Psr7\\ServerRequest))
#3 /var/www/html/vendor/slim/slim/Slim/MiddlewareDispatcher.php(168): Selective\\BasePath\\BasePathMiddleware->process(Object(Nyholm\\Psr7\\ServerRequest), Object(Psr\\Http\\Server\\RequestHandlerInterface@anonymous))
#4 /var/www/html/vendor/slim/slim/Slim/Middleware/ErrorMiddleware.php(76): Psr\\Http\\Server\\RequestHandlerInterface@anonymous->handle(Object(Nyholm\\Psr7\\ServerRequest))
#5 /var/www/html/vendor/slim/slim/Slim/MiddlewareDispatcher.php(168): Slim\\Middleware\\ErrorMiddleware->process(Object(Nyholm\\Psr7\\ServerRequest), Object(Psr\\Http\\Server\\RequestHandlerInterface@anonymous))
#6 /var/www/html/vendor/slim/slim/Slim/MiddlewareDispatcher.php(65): Psr\\Http\\Server\\RequestHandlerInterface@anonymous->handle(Object(Nyholm\\Psr7\\ServerRequest))
#7 /var/www/html/vendor/slim/slim/Slim/App.php(199): Slim\\MiddlewareDispatcher->handle(Object(Nyholm\\Psr7\\ServerRequest))
#8 /var/www/html/vendor/slim/slim/Slim/App.php(183): Slim\\App->handle(Object(Nyholm\\Psr7\\ServerRequest))
#9 /var/www/html/src/Http/Http.php(28): Slim\\App->run(Object(Nyholm\\Psr7\\ServerRequest))
#10 /var/www/html/public/index.php(16): Takemo101\\Chubby\\Http\\Http->run()
#11 {main}
","method":"GET","url":"http://localhost/api/users"} {"uid":"62c5507"}
[2023-10-13T17:58:44.093816+09:00] 9a213f86-750b-4252-8ffb-396999fd0638.ERROR: Not found. {"exception":"[object] (Slim\\Exception\\HttpNotFoundException(code: 404): Not found. at /var/www/html/vendor/slim/slim/Slim/Middleware/RoutingMiddleware.php:76)
[stacktrace]
#0 /var/www/html/vendor/slim/slim/Slim/Middleware/RoutingMiddleware.php(44): Slim\\Middleware\\RoutingMiddleware->performRouting(Object(Nyholm\\Psr7\\ServerRequest))
#1 /var/www/html/vendor/slim/slim/Slim/MiddlewareDispatcher.php(121): Slim\\Middleware\\RoutingMiddleware->process(Object(Nyholm\\Psr7\\ServerRequest), Object(Psr\\Http\\Server\\RequestHandlerInterface@anonymous))
#2 /var/www/html/vendor/selective/basepath/src/BasePathMiddleware.php(52): Psr\\Http\\Server\\RequestHandlerInterface@anonymous->handle(Object(Nyholm\\Psr7\\ServerRequest))
#3 /var/www/html/vendor/slim/slim/Slim/MiddlewareDispatcher.php(168): Selective\\BasePath\\BasePathMiddleware->process(Object(Nyholm\\Psr7\\ServerRequest), Object(Psr\\Http\\Server\\RequestHandlerInterface@anonymous))
#4 /var/www/html/vendor/slim/slim/Slim/Middleware/ErrorMiddleware.php(76): Psr\\Http\\Server\\RequestHandlerInterface@anonymous->handle(Object(Nyholm\\Psr7\\ServerRequest))
#5 /var/www/html/vendor/slim/slim/Slim/MiddlewareDispatcher.php(168): Slim\\Middleware\\ErrorMiddleware->process(Object(Nyholm\\Psr7\\ServerRequest), Object(Psr\\Http\\Server\\RequestHandlerInterface@anonymous))
#6 /var/www/html/vendor/slim/slim/Slim/MiddlewareDispatcher.php(65): Psr\\Http\\Server\\RequestHandlerInterface@anonymous->handle(Object(Nyholm\\Psr7\\ServerRequest))
#7 /var/www/html/vendor/slim/slim/Slim/App.php(199): Slim\\MiddlewareDispatcher->handle(Object(Nyholm\\Psr7\\ServerRequest))
#8 /var/www/html/vendor/slim/slim/Slim/App.php(183): Slim\\App->handle(Object(Nyholm\\Psr7\\ServerRequest))
#9 /var/www/html/src/Http/Http.php(28): Slim\\App->run(Object(Nyholm\\Psr7\\ServerRequest))
#10 /var/www/html/public/index.php(16): Takemo101\\Chubby\\Http\\Http->run()
#11 {main}
","method":"GET","url":"http://localhost/api/users"} {"uid":"a8d2fc5"}
